This is pdfTeX, Version 3.1415926-2.4-1.40.13 (TeX Live 2012/Arch Linux) (format=prv_presentation 2013.8.31)  31 AUG 2013 13:40
entering extended mode
 restricted \write18 enabled.
 %&-line parsing enabled.
**&prv_presentation _region_.tex
(./_region_.tex
LaTeX2e <2011/06/27>
Babel <v3.8m> and hyphenation patterns for english, dumylang, nohyphenation, ge
rman-x-2012-05-30, ngerman-x-2012-05-30, afrikaans, ancientgreek, ibycus, arabi
c, armenian, basque, bulgarian, catalan, pinyin, coptic, croatian, czech, danis
h, dutch, ukenglish, usenglishmax, esperanto, estonian, ethiopic, farsi, finnis
h, french, friulan, galician, german, ngerman, swissgerman, monogreek, greek, h
ungarian, icelandic, assamese, bengali, gujarati, hindi, kannada, malayalam, ma
rathi, oriya, panjabi, tamil, telugu, indonesian, interlingua, irish, italian, 
kurmanji, latin, latvian, lithuanian, mongolian, mongolianlmc, bokmal, nynorsk,
 polish, portuguese, romanian, romansh, russian, sanskrit, serbian, serbianc, s
lovak, slovenian, spanish, swedish, turkish, turkmen, ukrainian, uppersorbian, 
welsh, loaded.
CUSTOMISED FORMAT. Preloaded files:
        .
  beamer.cls    2013/01/04 3.26 A class for typesetting presentations (rcs-revi
sion e81e0c94bcc6)
beamerbasercs.sty    2013/01/04 (rcs-revision 9a97a4eee358)
beamerbasemodes.sty    2012/04/15 (rcs-revision cc6557182d97)
beamerbasedecode.sty    2010/05/01 (rcs-revision efa082c6111d)
   ifpdf.sty    2011/01/30 v2.3 Provides the ifpdf switch (HO)
beamerbaseoptions.sty    2010/04/27 (rcs-revision 982469101dd6)
  keyval.sty    1999/03/16 v1.13 key=value parser (DPC)
geometry.sty    2010/09/12 v5.6 Page Geometry
  ifvtex.sty    2010/03/01 v1.5 Detect VTeX and its facilities (HO)
 ifxetex.sty    2010/09/12 v0.6 Provides ifxetex conditional
  size11.clo    2007/10/19 v1.4h Standard LaTeX file (size option)
 pgfcore.sty    2010/04/11 v2.10 (rcs-revision 1.7)
graphicx.sty    1999/02/16 v1.0f Enhanced LaTeX Graphics (DPC,SPQR)
graphics.sty    2009/02/05 v1.0o Standard LaTeX Graphics (DPC,SPQR)
    trig.sty    1999/03/16 v1.09 sin cos tan (DPC)
graphics.cfg    2010/04/23 v1.9 graphics configuration of TeX Live
  pdftex.def    2011/05/27 v0.06d Graphics/color for pdfTeX
infwarerr.sty    2010/04/08 v1.3 Providing info/warning/error messages (HO)
 ltxcmds.sty    2011/11/09 v1.22 LaTeX kernel commands for general use (HO)
  pgfsys.sty    2010/06/30 v2.10 (rcs-revision 1.37)
  pgfrcs.sty    2010/10/25 v2.10 (rcs-revision 1.24)
everyshi.sty    2001/05/15 v3.00 EveryShipout Package (MS)
  pgfrcs.code.tex
  pgfsys.code.tex
pgfsyssoftpath.code.tex    2008/07/18  (rcs-revision 1.7)
pgfsysprotocol.code.tex    2006/10/16  (rcs-revision 1.4)
  xcolor.sty    2007/01/21 v2.11 LaTeX color extensions (UK)
   color.cfg    2007/01/18 v1.5 color configuration of teTeX/TeXLive
 pgfcore.code.tex
 xxcolor.sty    2003/10/24 ver 0.1
hyperref.sty    2012/11/06 v6.83m Hypertext links for LaTeX
hobsub-hyperref.sty    2012/05/28 v1.13 Bundle oberdiek, subset hyperref (HO)
hobsub-generic.sty    2012/05/28 v1.13 Bundle oberdiek, subset generic (HO)
  hobsub.sty    2012/05/28 v1.13 Construct package bundles (HO)
ifluatex.sty    2010/03/01 v1.3 Provides the ifluatex switch (HO)
 intcalc.sty    2007/09/27 v1.1 Expandable calculations with integers (HO)
etexcmds.sty    2011/02/16 v1.5 Avoid name clashes with e-TeX commands (HO)
kvsetkeys.sty    2012/04/25 v1.16 Key value parser (HO)
kvdefinekeys.sty    2011/04/07 v1.3 Define keys (HO)
pdftexcmds.sty    2011/11/29 v0.20 Utility functions of pdfTeX for LuaTeX (HO)
pdfescape.sty    2011/11/25 v1.13 Implements pdfTeX's escape features (HO)
bigintcalc.sty    2012/04/08 v1.3 Expandable calculations on big integers (HO)
  bitset.sty    2011/01/30 v1.1 Handle bit-vector datatype (HO)
uniquecounter.sty    2011/01/30 v1.2 Provide unlimited unique counter (HO)
letltxmacro.sty    2010/09/02 v1.4 Let assignment for LaTeX macros (HO)
 hopatch.sty    2012/05/28 v1.2 Wrapper for package hooks (HO)
xcolor-patch.sty    2011/01/30 xcolor patch
atveryend.sty    2011/06/30 v1.8 Hooks at the very end of document (HO)
atbegshi.sty    2011/10/05 v1.16 At begin shipout hook (HO)
refcount.sty    2011/10/16 v3.4 Data extraction from label references (HO)
 hycolor.sty    2011/01/30 v1.7 Color options for hyperref/bookmark (HO)
 auxhook.sty    2011/03/04 v1.3 Hooks for auxiliary files (HO)
kvoptions.sty    2011/06/30 v3.11 Key value format for package options (HO)
  pd1enc.def    2012/11/06 v6.83m Hyperref: PDFDocEncoding definition (HO)
hyperref.cfg    2002/06/06 v1.2 hyperref configuration of TeXLive
     url.sty    2006/04/12  ver 3.3  Verb mode for urls, etc.
 hpdftex.def    2012/11/06 v6.83m Hyperref driver for pdfTeX
rerunfilecheck.sty    2011/04/15 v1.7 Rerun checks for auxiliary files (HO)
beamerbaserequires.sty    2010/05/01  (rcs-revision efa082c6111d)
beamerbasecompatibility.sty    2012/05/01  (rcs-revision 67c48b3b652d)
beamerbasefont.sty    2012/09/19  (rcs-revision 733629cd0c6c)
 amssymb.sty    2013/01/14 v3.01 AMS font symbols
amsfonts.sty    2013/01/14 v3.01 Basic AMSFonts support
beamerbasetranslator.sty    2010/06/11  (rcs-revision 85fd1cc7fc42)
translator.sty    2010/06/12 ver 1.10
translator-language-mappings.tex
beamerbasemisc.sty    2012/02/24  (rcs-revision 2ff5461be705)
beamerbasetwoscreens.sty    2010/05/01  (rcs-revision efa082c6111d)
beamerbaseoverlay.sty    2012/11/11  (rcs-revision 6afbc49b1109)
beamerbasetitle.sty    2010/09/21  (rcs-revision f0446ed0b6ae)
beamerbasesection.sty    2013/01/04  (rcs-revision 54309ceef997)
beamerbaseframe.sty    2012/12/26  (rcs-revision 1443917db2cf)
beamerbaseverbatim.sty    2012/08/30  (rcs-revision dfdb135076b3)
beamerbaseframesize.sty    2011/09/12  (rcs-revision 70f9d8411e54)
beamerbaseframecomponents.sty    2012/09/13  (rcs-revision dcd846607320)
beamerbasecolor.sty    2010/06/06  (rcs-revision d1a9b48be06d)
beamerbasenotes.sty    2012/12/19  (rcs-revision 1686da3db3c9)
beamerbasetoc.sty    2012/10/02  (rcs-revision 5ed0f4010e8a)
beamerbasetemplates.sty    2010/05/01  (rcs-revision efa082c6111d)
beamerbaseauxtemplates.sty    2012/05/01  (rcs-revision 67c48b3b652d)
beamerbaseboxes.sty    2012/05/13  (rcs-revision 56972908a390)
beamerbaselocalstructure.sty    2012/11/13  (rcs-revision ddfba79dac19)
enumerate.sty    1999/03/05 v3.00 enumerate extensions (DPC)
beamerbasenavigation.sty    2012/04/03  (rcs-revision 42a0f21a412d)
beamerbasetheorems.sty    2010/06/06  (rcs-revision 7e7cc5e53e9d)
 amsmath.sty    2013/01/14 v2.14 AMS math features
 amstext.sty    2000/06/29 v2.01
  amsgen.sty    1999/11/30 v2.0
  amsbsy.sty    1999/11/29 v1.2d
  amsopn.sty    1999/12/14 v2.01 operator names
  amsthm.sty    2004/08/06 v2.20
beamerbasethemes.sty    2010/05/01  (rcs-revision efa082c6111d)
beamerthemedefault.sty    2010/06/17  (rcs-revision d02a7cf4d8ae)
beamerfontthemedefault.sty    2012/12/19  (rcs-revision 1686da3db3c9)
beamercolorthemedefault.sty    2012/12/19  (rcs-revision 1686da3db3c9)
beamerinnerthemedefault.sty    2012/05/01  (rcs-revision 67c48b3b652d)
beamerouterthemedefault.sty    2012/12/19  (rcs-revision 1686da3db3c9)
 upquote.sty    2012/04/19 v1.3 upright-quote and grave-accent glyphs in verbat
im
multirow.sty    
 caption.sty    2013/02/03 v3.3-65 Customizing captions (AR)
caption3.sty    2013/02/03 v1.5-62 caption3 kernel (AR)
algorithm.sty    2009/08/24 v0.1 Document Style `algorithm' - floating environm
ent
   float.sty    2001/11/08 v1.3d Float enhancements (AL)
  ifthen.sty    2001/05/26 v1.1c Standard LaTeX ifthen package (DPC)
tabularx.sty    1999/01/07 v2.07 `tabularx' package (DPC)
   array.sty    2008/09/09 v2.4c Tabular extension package (FMi)
colortbl.sty    2012/02/13 v1.0a Color table columns (DPC)
booktabs.sty    2005/04/14 v1.61803 publication quality tables
adjustbox.sty    2012/05/21 v1.0 Adjusting TeX boxes (trim, clip, ...)
 xkeyval.sty    2012/10/14 v2.6b package option processing (HA)
 xkeyval.tex    2012/10/14 v2.6b key=value parser (HA)
 adjcalc.sty    2012/05/16 v1.1 Provides advanced setlength with multiple back-
ends (calc, etex, pgfmath)
trimclip.sty    2012/05/16 v1.0 Trim and clip general TeX material
collectbox.sty    2012/05/17 v0.4b Collect macro arguments as boxes
tc-pdftex.def    2012/05/13 v1.0 Clipping driver for pdftex
ifoddpage.sty    2011/09/13 v1.0 Conditionals for odd/even page detection
varwidth.sty    2009/03/30 ver 0.92;  Variable-width minipages
algorithmic.sty    2009/08/24 v0.1 Document Style `algorithmic'
fancybox.sty    2010/05/15 1.4
 wrapfig.sty    2003/01/31  v 3.6
beamerthemeRochester.sty    2010/06/17  (rcs-revision d02a7cf4d8ae)
beamerouterthemesidebar.sty    2010/06/17  (rcs-revision d02a7cf4d8ae)
beamerinnerthemerectangles.sty    2010/06/17  (rcs-revision d02a7cf4d8ae)
beamercolorthemewhale.sty    2010/06/17  (rcs-revision d02a7cf4d8ae)
beamercolorthemeorchid.sty    2010/06/17  (rcs-revision d02a7cf4d8ae)
    umsa.fd    2013/01/14 v3.01 AMS symbols A
    umsb.fd    2013/01/14 v3.01 AMS symbols B
        .
No file _region_.aux.
LaTeX Font Info:    Checking defaults for OML/cmm/m/it on input line 94.
LaTeX Font Info:    ... okay on input line 94.
LaTeX Font Info:    Checking defaults for T1/cmr/m/n on input line 94.
LaTeX Font Info:    ... okay on input line 94.
LaTeX Font Info:    Checking defaults for OT1/cmr/m/n on input line 94.
LaTeX Font Info:    ... okay on input line 94.
LaTeX Font Info:    Checking defaults for OMS/cmsy/m/n on input line 94.
LaTeX Font Info:    ... okay on input line 94.
LaTeX Font Info:    Checking defaults for OMX/cmex/m/n on input line 94.
LaTeX Font Info:    ... okay on input line 94.
LaTeX Font Info:    Checking defaults for U/cmr/m/n on input line 94.
LaTeX Font Info:    ... okay on input line 94.
LaTeX Font Info:    Checking defaults for PD1/pdf/m/n on input line 94.
LaTeX Font Info:    ... okay on input line 94.
(/home/dries/.emacs.d/elpa/auctex-11.86/latex/preview.sty
Package: preview 2010/02/14 11.86 (AUCTeX/preview-latex)

(/home/dries/.emacs.d/elpa/auctex-11.86/latex/prtightpage.def
\PreviewBorder=\dimen228
)
(/home/dries/.emacs.d/elpa/auctex-11.86/latex/prauctex.def
No auxiliary output files.


\hbadness=\count169
\hfuzz=\dimen229
(/home/dries/.emacs.d/elpa/auctex-11.86/latex/prauctex.cfg))
(/home/dries/.emacs.d/elpa/auctex-11.86/latex/prfootnotes.def)
\pr@snippet=\count170
\pr@box=\box60
\pr@output=\toks53

Preview: Fontsize 10.95pt
Preview: PDFoutput 1
)
*geometry* driver: auto-detecting
*geometry* detected driver: pdftex
*geometry* verbose mode - [ preamble ] result:
* driver: pdftex
* paper: custom
* layout: <same size as paper>
* layoutoffset:(h,v)=(0.0pt,0.0pt)
* modes: includehead includefoot 
* h-part:(L,W,R)=(28.45274pt, 307.28987pt, 28.45274pt)
* v-part:(T,H,B)=(0.0pt, 273.14662pt, 0.0pt)
* \paperwidth=364.19536pt
* \paperheight=273.14662pt
* \textwidth=307.28987pt
* \textheight=244.6939pt
* \oddsidemargin=-43.81725pt
* \evensidemargin=-43.81725pt
* \topmargin=-72.26999pt
* \headheight=14.22636pt
* \headsep=0.0pt
* \topskip=11.0pt
* \footskip=14.22636pt
* \marginparwidth=4.0pt
* \marginparsep=10.0pt
* \columnsep=10.0pt
* \skip\footins=10.0pt plus 4.0pt minus 2.0pt
* \hoffset=0.0pt
* \voffset=0.0pt
* \mag=1000
* \@twocolumnfalse
* \@twosidefalse
* \@mparswitchfalse
* \@reversemarginfalse
* (1in=72.27pt=25.4mm, 1cm=28.453pt)

(/usr/share/texmf-dist/tex/context/base/supp-pdf.mkii
[Loading MPS to PDF converter (version 2006.09.02).]
\scratchcounter=\count171
\scratchdimen=\dimen230
\scratchbox=\box61
\nofMPsegments=\count172
\nofMParguments=\count173
\everyMPshowfont=\toks54
\MPscratchCnt=\count174
\MPscratchDim=\dimen231
\MPnumerator=\count175
\makeMPintoPDFobject=\count176
\everyMPtoPDFconversion=\toks55
) (/usr/share/texmf-dist/tex/latex/oberdiek/epstopdf-base.sty
Package: epstopdf-base 2010/02/09 v2.5 Base part for package epstopdf

(/usr/share/texmf-dist/tex/latex/oberdiek/grfext.sty
Package: grfext 2010/08/19 v1.1 Manage graphics extensions (HO)
)
Package grfext Info: Graphics extension search list:
(grfext)             [.png,.pdf,.jpg,.mps,.jpeg,.jbig2,.jb2,.PNG,.PDF,.JPG,.JPE
G,.JBIG2,.JB2,.eps]
(grfext)             \AppendGraphicsExtensions on input line 452.

(/usr/share/texmf-dist/tex/latex/latexconfig/epstopdf-sys.cfg
File: epstopdf-sys.cfg 2010/07/13 v1.3 Configuration of (r)epstopdf for TeX Liv
e
))
ABD: EveryShipout initializing macros
\AtBeginShipoutBox=\box62
Package hyperref Info: Link coloring OFF on input line 94.

(/usr/share/texmf-dist/tex/latex/hyperref/nameref.sty
Package: nameref 2012/10/27 v2.43 Cross-referencing by name of section

(/usr/share/texmf-dist/tex/generic/oberdiek/gettitlestring.sty
Package: gettitlestring 2010/12/03 v1.4 Cleanup title references (HO)
)
\c@section@level=\count177
)
LaTeX Info: Redefining \ref on input line 94.
LaTeX Info: Redefining \pageref on input line 94.
LaTeX Info: Redefining \nameref on input line 94.
LaTeX Font Info:    Overwriting symbol font `operators' in version `normal'
(Font)                  OT1/cmr/m/n --> OT1/cmss/m/n on input line 94.
LaTeX Font Info:    Overwriting symbol font `operators' in version `bold'
(Font)                  OT1/cmr/bx/n --> OT1/cmss/bx/n on input line 94.
\symnumbers=\mathgroup6
\sympureletters=\mathgroup7
LaTeX Font Info:    Overwriting math alphabet `\mathrm' in version `normal'
(Font)                  OT1/cmss/m/n --> OT1/cmr/m/n on input line 94.
LaTeX Font Info:    Redeclaring math alphabet \mathbf on input line 94.
LaTeX Font Info:    Overwriting math alphabet `\mathbf' in version `normal'
(Font)                  OT1/cmr/bx/n --> OT1/cmss/bx/n on input line 94.
LaTeX Font Info:    Overwriting math alphabet `\mathbf' in version `bold'
(Font)                  OT1/cmr/bx/n --> OT1/cmss/bx/n on input line 94.
LaTeX Font Info:    Redeclaring math alphabet \mathsf on input line 94.
LaTeX Font Info:    Overwriting math alphabet `\mathsf' in version `normal'
(Font)                  OT1/cmss/m/n --> OT1/cmss/m/n on input line 94.
LaTeX Font Info:    Overwriting math alphabet `\mathsf' in version `bold'
(Font)                  OT1/cmss/bx/n --> OT1/cmss/m/n on input line 94.
LaTeX Font Info:    Redeclaring math alphabet \mathit on input line 94.
LaTeX Font Info:    Overwriting math alphabet `\mathit' in version `normal'
(Font)                  OT1/cmr/m/it --> OT1/cmss/m/it on input line 94.
LaTeX Font Info:    Overwriting math alphabet `\mathit' in version `bold'
(Font)                  OT1/cmr/bx/it --> OT1/cmss/m/it on input line 94.
LaTeX Font Info:    Redeclaring math alphabet \mathtt on input line 94.
LaTeX Font Info:    Overwriting math alphabet `\mathtt' in version `normal'
(Font)                  OT1/cmtt/m/n --> OT1/cmtt/m/n on input line 94.
LaTeX Font Info:    Overwriting math alphabet `\mathtt' in version `bold'
(Font)                  OT1/cmtt/m/n --> OT1/cmtt/m/n on input line 94.
LaTeX Font Info:    Overwriting symbol font `numbers' in version `bold'
(Font)                  OT1/cmss/m/n --> OT1/cmss/bx/n on input line 94.
LaTeX Font Info:    Overwriting symbol font `pureletters' in version `bold'
(Font)                  OT1/cmss/m/it --> OT1/cmss/bx/it on input line 94.
LaTeX Font Info:    Overwriting math alphabet `\mathrm' in version `bold'
(Font)                  OT1/cmss/bx/n --> OT1/cmr/bx/n on input line 94.
LaTeX Font Info:    Overwriting math alphabet `\mathbf' in version `bold'
(Font)                  OT1/cmss/bx/n --> OT1/cmss/bx/n on input line 94.
LaTeX Font Info:    Overwriting math alphabet `\mathsf' in version `bold'
(Font)                  OT1/cmss/m/n --> OT1/cmss/bx/n on input line 94.
LaTeX Font Info:    Overwriting math alphabet `\mathit' in version `bold'
(Font)                  OT1/cmss/m/it --> OT1/cmss/bx/it on input line 94.
LaTeX Font Info:    Overwriting math alphabet `\mathtt' in version `bold'
(Font)                  OT1/cmtt/m/n --> OT1/cmtt/bx/n on input line 94.

(/usr/share/texmf-dist/tex/latex/beamer/translator/dicts/translator-basic-dicti
onary/translator-basic-dictionary-English.dict
Dictionary: translator-basic-dictionary, Language: English 
)
(/usr/share/texmf-dist/tex/latex/beamer/translator/dicts/translator-bibliograph
y-dictionary/translator-bibliography-dictionary-English.dict
Dictionary: translator-bibliography-dictionary, Language: English 
)
(/usr/share/texmf-dist/tex/latex/beamer/translator/dicts/translator-environment
-dictionary/translator-environment-dictionary-English.dict
Dictionary: translator-environment-dictionary, Language: English 
)
(/usr/share/texmf-dist/tex/latex/beamer/translator/dicts/translator-months-dict
ionary/translator-months-dictionary-English.dict
Dictionary: translator-months-dictionary, Language: English 
)
(/usr/share/texmf-dist/tex/latex/beamer/translator/dicts/translator-numbers-dic
tionary/translator-numbers-dictionary-English.dict
Dictionary: translator-numbers-dictionary, Language: English 
)
(/usr/share/texmf-dist/tex/latex/beamer/translator/dicts/translator-theorem-dic
tionary/translator-theorem-dictionary-English.dict
Dictionary: translator-theorem-dictionary, Language: English 
)
LaTeX Info: Redefining \includegraphics on input line 94.
Package caption Info: Begin \AtBeginDocument code.
Package caption Info: Incompatible package detected (regarding \caption).
(caption)             \caption = \protected\long macro:->\pr@protect@domacro {}
{##1{}}\pr@\caption .


Package caption Warning: \caption will not be redefined since it's already
(caption)                redefined by a document class or package which is
(caption)                unknown to the caption package.
See the caption package documentation for explanation.

Package caption Info: float package is loaded.
Package caption Info: wrapfig package is loaded.
Package caption Info: End \AtBeginDocument code.
 !name(presentation.tex) !offset(-3) 

LaTeX Font Warning: Font shape `OT1/cmss/m/n' in size <4> not available
(Font)              size <5> substituted on input line 101.

! Preview: Snippet 1 started.
<-><->
      
l.130 \end{frame}
                 
Not a real error.

<kdd.png, id=13, 1542.76375pt x 707.64375pt>
File: kdd.png Graphic file (type png)
 <use kdd.png>
Package pdftex.def Info: kdd.png used on input line 130.
(pdftex.def)             Requested size: 307.2761pt x 140.94316pt.

Preview: Tightpage -32891 -32891 32891 32891
! Preview: Snippet 1 ended.(9236851+0x20137646).
<-><->
      
l.130 \end{frame}
                 
Not a real error.

[1 <./kdd.png>]
! Preview: Snippet 2 started.
<-><->
      
l.253 \end{frame}
                 
Not a real error.

<g1.png, id=17, 100.9371pt x 249.8133pt>
File: g1.png Graphic file (type png)
 <use g1.png>
Package pdftex.def Info: g1.png used on input line 253.
(pdftex.def)             Requested size: 87.00443pt x 215.33076pt.

! Preview: Snippet 2 ended.(14111917+0x5701922).
<-><->
      
l.253 \end{frame}
                 
Not a real error.

[2 <./g1.png>]
\openout4 = `_region_.vrb'.

 (./_region_.vrb
! Preview: Snippet 3 started.
<-><->
      
l.5 ...,height=.88\textheight,keepaspectratio]{g2}
                                                  
Not a real error.

<g2.png, id=23, 100.9371pt x 249.8133pt>
File: g2.png Graphic file (type png)
 <use g2.png>
Package pdftex.def Info: g2.png used on input line 5.
(pdftex.def)             Requested size: 87.00443pt x 215.33076pt.

! Preview: Snippet 3 ended.(14111917+0x5701922).
<-><->
      
l.5 ...,height=.88\textheight,keepaspectratio]{g2}
                                                  
Not a real error.

[3 <./g2.png>])
! Preview: Snippet 4 started.
<-><->
      
l.305 \end{frame}
                 
Not a real error.

File: g2.png Graphic file (type png)
<use g2.png>
Package pdftex.def Info: g2.png used on input line 305.
(pdftex.def)             Requested size: 87.00443pt x 215.33076pt.

! Preview: Snippet 4 ended.(14111917+0x5701922).
<-><->
      
l.305 \end{frame}
                 
Not a real error.

[4]
! Preview: Snippet 5 started.
<-><->
      
l.305 \end{frame}
                 
Not a real error.

<rdb2rdf.png, id=31, 192.72pt x 126.4725pt>
File: rdb2rdf.png Graphic file (type png)
 <use rdb2rdf.png>
Package pdftex.def Info: rdb2rdf.png used on input line 305.
(pdftex.def)             Requested size: 202.81187pt x 133.09529pt.

! Preview: Snippet 5 ended.(8722533+0x13291479).
<-><->
      
l.305 \end{frame}
                 
Not a real error.

[5 <./rdb2rdf.png>]
\openout4 = `_region_.vrb'.

 (./_region_.vrb
! Preview: Snippet 6 started.
<-><->
      
l.5 ...,height=.88\textheight,keepaspectratio]{g3}
                                                  
Not a real error.

<g3.png, id=36, 100.9371pt x 249.8133pt>
File: g3.png Graphic file (type png)
 <use g3.png>
Package pdftex.def Info: g3.png used on input line 5.
(pdftex.def)             Requested size: 87.00443pt x 215.33076pt.

! Preview: Snippet 6 ended.(14111917+0x5701922).
<-><->
      
l.5 ...,height=.88\textheight,keepaspectratio]{g3}
                                                  
Not a real error.

[6 <./g3.png>])
\openout4 = `_region_.vrb'.

 (./_region_.vrb
! Preview: Snippet 7 started.
<-><->
      
l.5 ...,height=.88\textheight,keepaspectratio]{g3}
                                                  
Not a real error.

File: g3.png Graphic file (type png)
<use g3.png>
Package pdftex.def Info: g3.png used on input line 5.
(pdftex.def)             Requested size: 87.00443pt x 215.33076pt.

! Preview: Snippet 7 ended.(14111917+0x5701922).
<-><->
      
l.5 ...,height=.88\textheight,keepaspectratio]{g3}
                                                  
Not a real error.

[7])
! Preview: Snippet 8 started.
<-><->
      
l.388 \end{frame}
                 
Not a real error.

<prologkb.png, id=45, 336.457pt x 832.711pt>
File: prologkb.png Graphic file (type png)
 <use prologkb.png>
Package pdftex.def Info: prologkb.png used on input line 388.
(pdftex.def)             Requested size: 87.00443pt x 215.33078pt.

! Preview: Snippet 8 ended.(14111918+0x5701922).
<-><->
      
l.388 \end{frame}
                 
Not a real error.

[8 <./prologkb.png>]
! Preview: Snippet 9 started.
<-><->
      
l.388 \end{frame}
                 
Not a real error.

! Preview: Snippet 9 ended.(470439+139537x4265845).
<-><->
      
l.388 \end{frame}
                 
Not a real error.

[9{/var/lib/texmf/fonts/map/pdftex/updmap/pdftex.map}]
\openout4 = `_region_.vrb'.

 (./_region_.vrb
! Preview: Snippet 10 started.
<-><->
      
l.4 ...textwidth,keepaspectratio]{timeline_final2}
                                                  
Not a real error.

<timeline_final2.png, id=56, 1897.0875pt x 674.52pt>
File: timeline_final2.png Graphic file (type png)
 <use timeline_final2.png>
Package pdftex.def Info: timeline_final2.png used on input line 4.
(pdftex.def)             Requested size: 307.28987pt x 109.25311pt.

! Preview: Snippet 10 ended.(7160012+0x20138549).
<-><->
      
l.4 ...textwidth,keepaspectratio]{timeline_final2}
                                                  
Not a real error.

[10 <./timeline_final2.png>])
! Preview: Snippet 11 started.
<-><->
      
l.432 \end{frame}
                 
Not a real error.

File: timeline_final2.png Graphic file (type png)
<use timeline_final2.png>
Package pdftex.def Info: timeline_final2.png used on input line 432.
(pdftex.def)             Requested size: 307.28987pt x 109.25311pt.

! Preview: Snippet 11 ended.(7160012+0x20138549).
<-><->
      
l.432 \end{frame}
                 
Not a real error.

[11]
! Preview: Snippet 12 started.
<-><->
      
l.432 \end{frame}
                 
Not a real error.

File: timeline_final2.png Graphic file (type png)
<use timeline_final2.png>
Package pdftex.def Info: timeline_final2.png used on input line 432.
(pdftex.def)             Requested size: 307.28987pt x 109.25311pt.

! Preview: Snippet 12 ended.(7160012+0x20138549).
<-><->
      
l.432 \end{frame}
                 
Not a real error.

[12]
! Preview: Snippet 13 started.
<-><->
      
l.432 \end{frame}
                 
Not a real error.

File: timeline_final2.png Graphic file (type png)
<use timeline_final2.png>
Package pdftex.def Info: timeline_final2.png used on input line 432.
(pdftex.def)             Requested size: 307.28987pt x 109.25311pt.

! Preview: Snippet 13 ended.(7160012+0x20138549).
<-><->
      
l.432 \end{frame}
                 
Not a real error.

[13]
! Preview: Snippet 14 started.
<-><->
      
l.432 \end{frame}
                 
Not a real error.

File: timeline_final2.png Graphic file (type png)
<use timeline_final2.png>
Package pdftex.def Info: timeline_final2.png used on input line 432.
(pdftex.def)             Requested size: 307.28987pt x 109.25311pt.

! Preview: Snippet 14 ended.(7160012+0x20138549).
<-><->
      
l.432 \end{frame}
                 
Not a real error.

[14]
! Preview: Snippet 15 started.
<-><->
      
l.438 \end{frame}
                 
Not a real error.

<plot_drug_prescriptions.png, id=73, 481.8pt x 385.44pt>
File: plot_drug_prescriptions.png Graphic file (type png)

<use plot_drug_prescriptions.png>
Package pdftex.def Info: plot_drug_prescriptions.png used on input line 438.
(pdftex.def)             Requested size: 269.15921pt x 215.32736pt.

! Preview: Snippet 15 ended.(14111694+0x17639618).
<-><->
      
l.438 \end{frame}
                 
Not a real error.

[15 <./plot_drug_prescriptions.png>]
! Preview: Snippet 16 started.
<-><->
      
l.459 \end{frame}
                 
Not a real error.

! Preview: Snippet 16 ended.(386866+28057x558150).
<-><->
      
l.459 \end{frame}
                 
Not a real error.

[16]
! Preview: Snippet 17 started.
<-><->
      
l.459 \end{frame}
                 
Not a real error.

! Preview: Snippet 17 ended.(386866+28057x558150).
<-><->
      
l.459 \end{frame}
                 
Not a real error.

[17]
! Preview: Snippet 18 started.
<-><->
      
l.459 \end{frame}
                 
Not a real error.

! Preview: Snippet 18 ended.(386866+28057x558150).
<-><->
      
l.459 \end{frame}
                 
Not a real error.

[18]
! Preview: Snippet 19 started.
<-><->
      
l.466 \end{frame}
                 
Not a real error.

<bar_chart_filtered_data.png, id=87, 652.4375pt x 481.8pt>
File: bar_chart_filtered_data.png Graphic file (type png)

<use bar_chart_filtered_data.png>
Package pdftex.def Info: bar_chart_filtered_data.png used on input line 466.
(pdftex.def)             Requested size: 248.51619pt x 183.51964pt.

! Preview: Snippet 19 ended.(12027143+0x16286757).
<-><->
      
l.466 \end{frame}
                 
Not a real error.

[19 <./bar_chart_filtered_data.png>]
\openout4 = `_region_.vrb'.

 (./_region_.vrb)
! Preview: Snippet 20 started.
<-><->
      
l.548 \end{frame}
                 
Not a real error.

! Preview: Snippet 20 ended.(470439+0x717620).
<-><->
      
l.548 \end{frame}
                 
Not a real error.

[20]
! Preview: Snippet 21 started.
<-><->
      
l.548 \end{frame}
                 
Not a real error.

! Preview: Snippet 21 ended.(470439+0x358810).
<-><->
      
l.548 \end{frame}
                 
Not a real error.

[21]
! Preview: Snippet 22 started.
<-><->
      
l.548 \end{frame}
                 
Not a real error.

! Preview: Snippet 22 ended.(470439+0x717620).
<-><->
      
l.548 \end{frame}
                 
Not a real error.

[22]
! Preview: Snippet 23 started.
<-><->
      
l.548 \end{frame}
                 
Not a real error.

! Preview: Snippet 23 ended.(470439+0x1076430).
<-><->
      
l.548 \end{frame}
                 
Not a real error.

[23]
! Preview: Snippet 24 started.
<-><->
      
l.548 \end{frame}
                 
Not a real error.

! Preview: Snippet 24 ended.(470439+0x1435240).
<-><->
      
l.548 \end{frame}
                 
Not a real error.

[24]
! Preview: Snippet 25 started.
<-><->
      
l.548 \end{frame}
                 
Not a real error.

! Preview: Snippet 25 ended.(470439+0x1435240).
<-><->
      
l.548 \end{frame}
                 
Not a real error.

[25]
! Preview: Snippet 26 started.
<-><->
      
l.548 \end{frame}
                 
Not a real error.

! Preview: Snippet 26 ended.(470439+0x1076430).
<-><->
      
l.548 \end{frame}
                 
Not a real error.

[26]
! Preview: Snippet 27 started.
<-><->
      
l.548 \end{frame}
                 
Not a real error.

! Preview: Snippet 27 ended.(470439+0x1435240).
<-><->
      
l.548 \end{frame}
                 
Not a real error.

[27]
! Preview: Snippet 28 started.
<-><->
      
l.548 \end{frame}
                 
Not a real error.

! Preview: Snippet 28 ended.(470439+0x1435240).
<-><->
      
l.548 \end{frame}
                 
Not a real error.

[28]
! Preview: Snippet 29 started.
<-><->
      
l.548 \end{frame}
                 
Not a real error.

! Preview: Snippet 29 ended.(386866+28057x558150).
<-><->
      
l.548 \end{frame}
                 
Not a real error.

[29]
! Preview: Snippet 30 started.
<-><->
      
l.548 \end{frame}
                 
Not a real error.

! Preview: Snippet 30 ended.(470439+0x717620).
<-><->
      
l.548 \end{frame}
                 
Not a real error.

[30]
! Preview: Snippet 31 started.
<-><->
      
l.548 \end{frame}
                 
Not a real error.

! Preview: Snippet 31 ended.(470439+0x358810).
<-><->
      
l.548 \end{frame}
                 
Not a real error.

[31]
! Preview: Snippet 32 started.
<-><->
      
l.548 \end{frame}
                 
Not a real error.

! Preview: Snippet 32 ended.(470439+0x717620).
<-><->
      
l.548 \end{frame}
                 
Not a real error.

[32]
! Preview: Snippet 33 started.
<-><->
      
l.548 \end{frame}
                 
Not a real error.

! Preview: Snippet 33 ended.(470439+0x1076430).
<-><->
      
l.548 \end{frame}
                 
Not a real error.

[33]
! Preview: Snippet 34 started.
<-><->
      
l.548 \end{frame}
                 
Not a real error.

! Preview: Snippet 34 ended.(470439+0x1435240).
<-><->
      
l.548 \end{frame}
                 
Not a real error.

[34]
! Preview: Snippet 35 started.
<-><->
      
l.548 \end{frame}
                 
Not a real error.

! Preview: Snippet 35 ended.(470439+0x1435240).
<-><->
      
l.548 \end{frame}
                 
Not a real error.

[35]
! Preview: Snippet 36 started.
<-><->
      
l.548 \end{frame}
                 
Not a real error.

! Preview: Snippet 36 ended.(470439+0x1076430).
<-><->
      
l.548 \end{frame}
                 
Not a real error.

[36]
! Preview: Snippet 37 started.
<-><->
      
l.548 \end{frame}
                 
Not a real error.

! Preview: Snippet 37 ended.(470439+0x1435240).
<-><->
      
l.548 \end{frame}
                 
Not a real error.

[37]
! Preview: Snippet 38 started.
<-><->
      
l.548 \end{frame}
                 
Not a real error.

! Preview: Snippet 38 ended.(470439+0x1435240).
<-><->
      
l.548 \end{frame}
                 
Not a real error.

[38]
! Preview: Snippet 39 started.
<-><->
      
l.548 \end{frame}
                 
Not a real error.

! Preview: Snippet 39 ended.(386866+28057x558150).
<-><->
      
l.548 \end{frame}
                 
Not a real error.

[39]
! Preview: Snippet 40 started.
<-><->
      
l.548 \end{frame}
                 
Not a real error.

! Preview: Snippet 40 ended.(470439+0x717620).
<-><->
      
l.548 \end{frame}
                 
Not a real error.

[40]
! Preview: Snippet 41 started.
<-><->
      
l.548 \end{frame}
                 
Not a real error.

! Preview: Snippet 41 ended.(470439+0x358810).
<-><->
      
l.548 \end{frame}
                 
Not a real error.

[41]
! Preview: Snippet 42 started.
<-><->
      
l.548 \end{frame}
                 
Not a real error.

! Preview: Snippet 42 ended.(470439+0x717620).
<-><->
      
l.548 \end{frame}
                 
Not a real error.

[42]
! Preview: Snippet 43 started.
<-><->
      
l.548 \end{frame}
                 
Not a real error.

! Preview: Snippet 43 ended.(470439+0x1076430).
<-><->
      
l.548 \end{frame}
                 
Not a real error.

[43]
! Preview: Snippet 44 started.
<-><->
      
l.548 \end{frame}
                 
Not a real error.

! Preview: Snippet 44 ended.(470439+0x1435240).
<-><->
      
l.548 \end{frame}
                 
Not a real error.

[44]
! Preview: Snippet 45 started.
<-><->
      
l.548 \end{frame}
                 
Not a real error.

! Preview: Snippet 45 ended.(470439+0x1435240).
<-><->
      
l.548 \end{frame}
                 
Not a real error.

[45]
! Preview: Snippet 46 started.
<-><->
      
l.548 \end{frame}
                 
Not a real error.

! Preview: Snippet 46 ended.(470439+0x1076430).
<-><->
      
l.548 \end{frame}
                 
Not a real error.

[46]
! Preview: Snippet 47 started.
<-><->
      
l.548 \end{frame}
                 
Not a real error.

! Preview: Snippet 47 ended.(470439+0x1435240).
<-><->
      
l.548 \end{frame}
                 
Not a real error.

[47]
! Preview: Snippet 48 started.
<-><->
      
l.548 \end{frame}
                 
Not a real error.

! Preview: Snippet 48 ended.(470439+0x1435240).
<-><->
      
l.548 \end{frame}
                 
Not a real error.

[48]
! Preview: Snippet 49 started.
<-><->
      
l.548 \end{frame}
                 
Not a real error.

! Preview: Snippet 49 ended.(386866+28057x558150).
<-><->
      
l.548 \end{frame}
                 
Not a real error.

[49]
! Preview: Snippet 50 started.
<-><->
      
l.548 \end{frame}
                 
Not a real error.

! Preview: Snippet 50 ended.(470439+0x717620).
<-><->
      
l.548 \end{frame}
                 
Not a real error.

[50]
! Preview: Snippet 51 started.
<-><->
      
l.548 \end{frame}
                 
Not a real error.

! Preview: Snippet 51 ended.(470439+0x358810).
<-><->
      
l.548 \end{frame}
                 
Not a real error.

[51]
! Preview: Snippet 52 started.
<-><->
      
l.548 \end{frame}
                 
Not a real error.

! Preview: Snippet 52 ended.(470439+0x717620).
<-><->
      
l.548 \end{frame}
                 
Not a real error.

[52]
! Preview: Snippet 53 started.
<-><->
      
l.548 \end{frame}
                 
Not a real error.

! Preview: Snippet 53 ended.(470439+0x1076430).
<-><->
      
l.548 \end{frame}
                 
Not a real error.

[53]
! Preview: Snippet 54 started.
<-><->
      
l.548 \end{frame}
                 
Not a real error.

! Preview: Snippet 54 ended.(470439+0x1435240).
<-><->
      
l.548 \end{frame}
                 
Not a real error.

[54]
! Preview: Snippet 55 started.
<-><->
      
l.548 \end{frame}
                 
Not a real error.

! Preview: Snippet 55 ended.(470439+0x1435240).
<-><->
      
l.548 \end{frame}
                 
Not a real error.

[55]
! Preview: Snippet 56 started.
<-><->
      
l.548 \end{frame}
                 
Not a real error.

! Preview: Snippet 56 ended.(470439+0x1076430).
<-><->
      
l.548 \end{frame}
                 
Not a real error.

[56]
! Preview: Snippet 57 started.
<-><->
      
l.548 \end{frame}
                 
Not a real error.

! Preview: Snippet 57 ended.(470439+0x1435240).
<-><->
      
l.548 \end{frame}
                 
Not a real error.

[57]
! Preview: Snippet 58 started.
<-><->
      
l.548 \end{frame}
                 
Not a real error.

! Preview: Snippet 58 ended.(470439+0x1435240).
<-><->
      
l.548 \end{frame}
                 
Not a real error.

[58]
! Preview: Snippet 59 started.
<-><->
      
l.548 \end{frame}
                 
Not a real error.

! Preview: Snippet 59 ended.(386866+28057x558150).
<-><->
      
l.548 \end{frame}
                 
Not a real error.

[59]
! Preview: Snippet 60 started.
<-><->
      
l.548 \end{frame}
                 
Not a real error.

! Preview: Snippet 60 ended.(470439+0x717620).
<-><->
      
l.548 \end{frame}
                 
Not a real error.

[60]
! Preview: Snippet 61 started.
<-><->
      
l.548 \end{frame}
                 
Not a real error.

! Preview: Snippet 61 ended.(470439+0x358810).
<-><->
      
l.548 \end{frame}
                 
Not a real error.

[61]
! Preview: Snippet 62 started.
<-><->
      
l.548 \end{frame}
                 
Not a real error.

! Preview: Snippet 62 ended.(470439+0x717620).
<-><->
      
l.548 \end{frame}
                 
Not a real error.

[62]
! Preview: Snippet 63 started.
<-><->
      
l.548 \end{frame}
                 
Not a real error.

! Preview: Snippet 63 ended.(470439+0x1076430).
<-><->
      
l.548 \end{frame}
                 
Not a real error.

[63]
! Preview: Snippet 64 started.
<-><->
      
l.548 \end{frame}
                 
Not a real error.

! Preview: Snippet 64 ended.(470439+0x1435240).
<-><->
      
l.548 \end{frame}
                 
Not a real error.

[64]
! Preview: Snippet 65 started.
<-><->
      
l.548 \end{frame}
                 
Not a real error.

! Preview: Snippet 65 ended.(470439+0x1435240).
<-><->
      
l.548 \end{frame}
                 
Not a real error.

[65]
! Preview: Snippet 66 started.
<-><->
      
l.548 \end{frame}
                 
Not a real error.

! Preview: Snippet 66 ended.(470439+0x1076430).
<-><->
      
l.548 \end{frame}
                 
Not a real error.

[66]
! Preview: Snippet 67 started.
<-><->
      
l.548 \end{frame}
                 
Not a real error.

! Preview: Snippet 67 ended.(470439+0x1435240).
<-><->
      
l.548 \end{frame}
                 
Not a real error.

[67]
! Preview: Snippet 68 started.
<-><->
      
l.548 \end{frame}
                 
Not a real error.

! Preview: Snippet 68 ended.(470439+0x1435240).
<-><->
      
l.548 \end{frame}
                 
Not a real error.

[68]
! Preview: Snippet 69 started.
<-><->
      
l.548 \end{frame}
                 
Not a real error.

! Preview: Snippet 69 ended.(386866+28057x558150).
<-><->
      
l.548 \end{frame}
                 
Not a real error.

[69]
Package atveryend Info: Empty hook `BeforeClearDocument' on input line 576.
Package atveryend Info: Empty hook `AfterLastShipout' on input line 576.
Package atveryend Info: Executing hook `AtVeryEndDocument' on input line 576.
Package atveryend Info: Empty hook `AtEndAfterFileList' on input line 576.


LaTeX Font Warning: Size substitutions with differences
(Font)              up to 1.0pt have occurred.


LaTeX Font Warning: Some font shapes were not available, defaults substituted.

Package atveryend Info: Empty hook `AtVeryVeryEnd' on input line 576.
 ) 
Here is how much of TeX's memory you used:
 1434 strings out of 476647
 27949 string characters out of 2841560
 420483 words of memory out of 3000000
 21079 multiletter control sequences out of 15000+200000
 14765 words of font info for 56 fonts, out of 3000000 for 9000
 957 hyphenation exceptions out of 8191
 35i,12n,48p,224b,801s stack positions out of 5000i,500n,10000p,200000b,50000s
</usr/share/texmf-dist/fonts/type1/public/amsfonts/cm/cmmi10.pfb></usr/share/
texmf-dist/fonts/type1/public/amsfonts/cm/cmss10.pfb></usr/share/texmf-dist/fon
ts/type1/public/amsfonts/cm/cmsy10.pfb>
Output written on _region_.pdf (69 pages, 434511 bytes).
PDF statistics:
 266 PDF objects out of 1000 (max. 8388607)
 168 compressed objects within 2 object streams
 0 named destinations out of 1000 (max. 500000)
 88 words of extra memory for PDF output out of 10000 (max. 10000000)

